<?xml version="1.0" encoding="utf-8" standalone="no"?>
<!--This file represents the results of running a test suite-->
<test-results name="D:\Projects\Lingual\Lingual.nunit" total="3" errors="0" failures="0" not-run="0" inconclusive="0" ignored="0" skipped="0" invalid="0" date="2010-04-11" time="20:05:53">
  <environment nunit-version="2.5.4.10098" clr-version="2.0.50727.4200" os-version="Microsoft Windows NT 6.0.6002 Service Pack 2" platform="Win32NT" cwd="D:\Projects\Lingual\Lingual\bin\Debug" machine-name="CYGNUS" user="Walking Disaster" user-domain="Cygnus" />
  <culture-info current-culture="en-US" current-uiculture="en-US" />
  <test-suite type="Project" name="D:\Projects\Lingual\Lingual.nunit" executed="True" result="Success" success="True" time="0.145" asserts="0">
    <results>
      <test-suite type="Assembly" name="D:\Projects\Lingual\Lingual.Tests\bin\Debug\Lingual.Tests.dll" executed="True" result="Success" success="True" time="0.132" asserts="0">
        <results>
          <test-suite type="Namespace" name="Lingual" executed="True" result="Success" success="True" time="0.130" asserts="0">
            <results>
              <test-suite type="Namespace" name="Tests" executed="True" result="Success" success="True" time="0.129" asserts="0">
                <results>
                  <test-suite type="Namespace" name="Fluent" executed="True" result="Success" success="True" time="0.126" asserts="0">
                    <results>
                      <test-suite type="Namespace" name="Bdd" executed="True" result="Success" success="True" time="0.125" asserts="0">
                        <results>
                          <test-suite type="TestSuite" name="AccountServiceTests" executed="True" result="Success" success="True" time="0.113" asserts="0">
                            <results>
                              <test-suite type="TestSuite" name="Given an AccountContext that contains an account which has a positive balance which has had activity in the last year but is on a watch list when getting the account" executed="True" result="Success" success="True" time="0.110" asserts="0">
                                <results>
                                  <test-case name="Given an AccountContext that contains an account which has a positive balance which has had activity in the last year but is on a watch list when getting the account.then the account should have a zero balance" executed="True" result="Success" success="True" time="0.077" asserts="1" />
                                  <test-case name="Given an AccountContext that contains an account which has a positive balance which has had activity in the last year but is on a watch list when getting the account.then the account should have an activity date of today" executed="True" result="Success" success="True" time="0.002" asserts="1" />
                                  <test-case name="Given an AccountContext that contains an account which has a positive balance which has had activity in the last year but is on a watch list when getting the account.then the account status should be frozen" executed="True" result="Success" success="True" time="0.001" asserts="1" />
                                </results>
                              </test-suite>
                            </results>
                          </test-suite>
                        </results>
                      </test-suite>
                    </results>
                  </test-suite>
                </results>
              </test-suite>
            </results>
          </test-suite>
        </results>
      </test-suite>
    </results>
  </test-suite>
</test-results>