<?xml version="1.0" encoding="utf-8" standalone="no"?>
<!--This file represents the results of running a test suite-->
<test-results name="D:\Projects\Lingual\Lingual.nunit" total="4" errors="0" failures="1" not-run="0" inconclusive="0" ignored="0" skipped="0" invalid="0" date="2010-04-19" time="07:30:22">
  <environment nunit-version="2.5.4.10098" clr-version="2.0.50727.4200" os-version="Microsoft Windows NT 6.0.6002 Service Pack 2" platform="Win32NT" cwd="D:\Projects\Lingual\Lingual\bin\Debug" machine-name="CYGNUS" user="Walking Disaster" user-domain="Cygnus" />
  <culture-info current-culture="en-US" current-uiculture="en-US" />
  <test-suite type="Project" name="D:\Projects\Lingual\Lingual.nunit" executed="True" result="Failure" success="False" time="0.227" asserts="0">
    <results>
      <test-suite type="Assembly" name="D:\Projects\Lingual\Lingual.Tests\bin\Debug\Lingual.Tests.dll" executed="True" result="Failure" success="False" time="0.219" asserts="0">
        <results>
          <test-suite type="Namespace" name="Lingual" executed="True" result="Failure" success="False" time="0.219" asserts="0">
            <results>
              <test-suite type="Namespace" name="Tests" executed="True" result="Failure" success="False" time="0.219" asserts="0">
                <results>
                  <test-suite type="Namespace" name="Fluent" executed="True" result="Failure" success="False" time="0.218" asserts="0">
                    <results>
                      <test-suite type="Namespace" name="Bdd" executed="True" result="Failure" success="False" time="0.216" asserts="0">
                        <results>
                          <test-suite type="TestSuite" name="AccountServiceTests" executed="True" result="Failure" success="False" time="0.211" asserts="0">
                            <results>
                              <test-suite type="TestSuite" name="Given an AccountContext that contains an account which has a positive balance which has had activity in the last year but is on a watch list when getting the account" executed="True" result="Failure" success="False" time="0.210" asserts="0">
                                <results>
                                  <test-case name="should give me all the money" executed="True" result="Failure" success="False" time="0.000" asserts="0">
                                    <failure>
                                      <message><![CDATA[asdf]]></message>
                                      <stack-trace><![CDATA[at Lingual.Tests.Fluent.Bdd.AccountServiceTests.give_me_all_the_money(Account account) in D:\Projects\Lingual\Lingual.Tests\UnitTests\Fluent\Bdd\GivenTests.cs:line 77
at Lingual.Fluent.Bdd.SpecificationAggregator`2.<>c__DisplayClass7.<CreateTestFor>b__6() in D:\Projects\Lingual\Lingual\Fluent\Bdd\SpecificationAggregator.cs:line 77
at Lingual.Extensions.NUnit.LingualTest.DoTest(Action test, TestResult testResult)
]]></stack-trace>
                                    </failure>
                                  </test-case>
                                  <test-case name="then the account should have a zero balance" executed="True" result="Success" success="True" time="0.000" asserts="0" />
                                  <test-case name="then the account should have an activity date of today" executed="True" result="Success" success="True" time="0.000" asserts="0" />
                                  <test-case name="then the account status should be frozen" executed="True" result="Success" success="True" time="0.000" asserts="0" />
                                </results>
                              </test-suite>
                            </results>
                          </test-suite>
                        </results>
                      </test-suite>
                    </results>
                  </test-suite>
                </results>
              </test-suite>
            </results>
          </test-suite>
        </results>
      </test-suite>
    </results>
  </test-suite>
</test-results>